{"/Users/Coco/Desktop/Programming/Challenges/lite_stack2/config/dev.env.js": {"path":"/Users/Coco/Desktop/Programming/Challenges/lite_stack2/config/dev.env.js","statementMap":{"0":{"start":{"line":1,"column":12},"end":{"line":6,"column":3}}},"fnMap":{},"branchMap":{},"s":{"0":1},"f":{},"b":{},"_coverageSchema":"1a1c01bbd47fc00a2c39e90264f33305004495a9","hash":"d798763b823e878f531b66c74d82bd7c52f2a874"}
,"/Users/Coco/Desktop/Programming/Challenges/lite_stack2/config/test.env.js": {"path":"/Users/Coco/Desktop/Programming/Challenges/lite_stack2/config/test.env.js","statementMap":{"0":{"start":{"line":2,"column":12},"end":{"line":7,"column":1}}},"fnMap":{},"branchMap":{},"s":{"0":1},"f":{},"b":{},"_coverageSchema":"1a1c01bbd47fc00a2c39e90264f33305004495a9","hash":"ff48ff06f09ea26efe99717f4ae171b038021e41"}
,"/Users/Coco/Desktop/Programming/Challenges/lite_stack2/src/app.js": {"path":"/Users/Coco/Desktop/Programming/Challenges/lite_stack2/src/app.js","statementMap":{"0":{"start":{"line":10,"column":12},"end":{"line":10,"column":21}},"1":{"start":{"line":13,"column":0},"end":{"line":13,"column":15}},"2":{"start":{"line":14,"column":0},"end":{"line":14,"column":23}},"3":{"start":{"line":15,"column":0},"end":{"line":15,"column":47}},"4":{"start":{"line":16,"column":0},"end":{"line":22,"column":2}},"5":{"start":{"line":17,"column":2},"end":{"line":20,"column":3}},"6":{"start":{"line":21,"column":2},"end":{"line":21,"column":8}},"7":{"start":{"line":23,"column":0},"end":{"line":23,"column":35}},"8":{"start":{"line":24,"column":0},"end":{"line":24,"column":30}},"9":{"start":{"line":25,"column":0},"end":{"line":25,"column":38}},"10":{"start":{"line":26,"column":0},"end":{"line":26,"column":34}},"11":{"start":{"line":27,"column":0},"end":{"line":27,"column":27}},"12":{"start":{"line":28,"column":0},"end":{"line":28,"column":21}}},"fnMap":{"0":{"name":"(anonymous_0)","decl":{"start":{"line":16,"column":8},"end":{"line":16,"column":9}},"loc":{"start":{"line":16,"column":33},"end":{"line":22,"column":1}},"line":16}},"branchMap":{},"s":{"0":1,"1":1,"2":1,"3":1,"4":1,"5":6,"6":6,"7":1,"8":1,"9":1,"10":1,"11":1,"12":1},"f":{"0":6},"b":{},"_coverageSchema":"1a1c01bbd47fc00a2c39e90264f33305004495a9","hash":"1c95b397b890f1149d7cedc01ad8b55c3dc678c3"}
,"/Users/Coco/Desktop/Programming/Challenges/lite_stack2/src/controllers/QnA.js": {"path":"/Users/Coco/Desktop/Programming/Challenges/lite_stack2/src/controllers/QnA.js","statementMap":{"0":{"start":{"line":3,"column":26},"end":{"line":3,"column":66}},"1":{"start":{"line":4,"column":24},"end":{"line":4,"column":62}},"2":{"start":{"line":6,"column":8},"end":{"line":6,"column":59}},"3":{"start":{"line":11,"column":25},"end":{"line":11,"column":90}},"4":{"start":{"line":12,"column":23},"end":{"line":12,"column":84}},"5":{"start":{"line":14,"column":8},"end":{"line":14,"column":57}}},"fnMap":{"0":{"name":"(anonymous_0)","decl":{"start":{"line":2,"column":4},"end":{"line":2,"column":5}},"loc":{"start":{"line":2,"column":29},"end":{"line":8,"column":5}},"line":2},"1":{"name":"(anonymous_1)","decl":{"start":{"line":10,"column":4},"end":{"line":10,"column":5}},"loc":{"start":{"line":10,"column":28},"end":{"line":15,"column":5}},"line":10}},"branchMap":{},"s":{"0":0,"1":0,"2":0,"3":0,"4":0,"5":0},"f":{"0":0,"1":0},"b":{},"_coverageSchema":"1a1c01bbd47fc00a2c39e90264f33305004495a9","hash":"46d05612b85efa728b93d95347515a4a639780c9"}
,"/Users/Coco/Desktop/Programming/Challenges/lite_stack2/src/controllers/answer.js": {"path":"/Users/Coco/Desktop/Programming/Challenges/lite_stack2/src/controllers/answer.js","statementMap":{"0":{"start":{"line":5,"column":24},"end":{"line":5,"column":62}},"1":{"start":{"line":7,"column":8},"end":{"line":7,"column":44}},"2":{"start":{"line":12,"column":23},"end":{"line":12,"column":96}},"3":{"start":{"line":14,"column":8},"end":{"line":14,"column":43}},"4":{"start":{"line":20,"column":24},"end":{"line":26,"column":12}},"5":{"start":{"line":24,"column":12},"end":{"line":24,"column":35}},"6":{"start":{"line":25,"column":12},"end":{"line":25,"column":24}},"7":{"start":{"line":27,"column":2},"end":{"line":27,"column":37}},"8":{"start":{"line":32,"column":24},"end":{"line":32,"column":85}},"9":{"start":{"line":34,"column":8},"end":{"line":44,"column":11}},"10":{"start":{"line":35,"column":12},"end":{"line":39,"column":14}},"11":{"start":{"line":41,"column":12},"end":{"line":41,"column":47}},"12":{"start":{"line":43,"column":12},"end":{"line":43,"column":72}},"13":{"start":{"line":50,"column":24},"end":{"line":50,"column":85}},"14":{"start":{"line":52,"column":8},"end":{"line":56,"column":5}},"15":{"start":{"line":53,"column":12},"end":{"line":53,"column":33}},"16":{"start":{"line":55,"column":10},"end":{"line":55,"column":45}}},"fnMap":{"0":{"name":"(anonymous_0)","decl":{"start":{"line":4,"column":4},"end":{"line":4,"column":5}},"loc":{"start":{"line":4,"column":33},"end":{"line":9,"column":5}},"line":4},"1":{"name":"(anonymous_1)","decl":{"start":{"line":11,"column":4},"end":{"line":11,"column":5}},"loc":{"start":{"line":11,"column":32},"end":{"line":16,"column":5}},"line":11},"2":{"name":"(anonymous_2)","decl":{"start":{"line":18,"column":4},"end":{"line":18,"column":5}},"loc":{"start":{"line":18,"column":38},"end":{"line":28,"column":1}},"line":18},"3":{"name":"(anonymous_3)","decl":{"start":{"line":23,"column":17},"end":{"line":23,"column":18}},"loc":{"start":{"line":23,"column":28},"end":{"line":26,"column":11}},"line":23},"4":{"name":"(anonymous_4)","decl":{"start":{"line":30,"column":4},"end":{"line":30,"column":5}},"loc":{"start":{"line":30,"column":33},"end":{"line":46,"column":5}},"line":30},"5":{"name":"(anonymous_5)","decl":{"start":{"line":48,"column":4},"end":{"line":48,"column":5}},"loc":{"start":{"line":48,"column":33},"end":{"line":57,"column":1}},"line":48}},"branchMap":{"0":{"loc":{"start":{"line":34,"column":8},"end":{"line":44,"column":11}},"type":"if","locations":[{"start":{"line":34,"column":8},"end":{"line":44,"column":11}},{"start":{"line":42,"column":16},"end":{"line":44,"column":11}}],"line":34},"1":{"loc":{"start":{"line":52,"column":8},"end":{"line":56,"column":5}},"type":"if","locations":[{"start":{"line":52,"column":8},"end":{"line":56,"column":5}},{"start":{},"end":{}}],"line":52}},"s":{"0":0,"1":0,"2":0,"3":0,"4":0,"5":0,"6":0,"7":0,"8":0,"9":0,"10":0,"11":0,"12":0,"13":0,"14":0,"15":0,"16":0},"f":{"0":0,"1":0,"2":0,"3":0,"4":0,"5":0},"b":{"0":[0,0],"1":[0,0]},"_coverageSchema":"1a1c01bbd47fc00a2c39e90264f33305004495a9","hash":"6662aebb175389bd4e51d00d796b647338d1851c"}
,"/Users/Coco/Desktop/Programming/Challenges/lite_stack2/src/controllers/question.js": {"path":"/Users/Coco/Desktop/Programming/Challenges/lite_stack2/src/controllers/question.js","statementMap":{"0":{"start":{"line":4,"column":26},"end":{"line":4,"column":66}},"1":{"start":{"line":5,"column":8},"end":{"line":5,"column":51}},"2":{"start":{"line":11,"column":25},"end":{"line":15,"column":15}},"3":{"start":{"line":16,"column":8},"end":{"line":16,"column":49}},"4":{"start":{"line":20,"column":8},"end":{"line":20,"column":55}},"5":{"start":{"line":21,"column":8},"end":{"line":21,"column":85}},"6":{"start":{"line":22,"column":25},"end":{"line":28,"column":10}},"7":{"start":{"line":26,"column":12},"end":{"line":26,"column":35}},"8":{"start":{"line":27,"column":12},"end":{"line":27,"column":23}},"9":{"start":{"line":30,"column":8},"end":{"line":30,"column":45}},"10":{"start":{"line":34,"column":25},"end":{"line":34,"column":90}},"11":{"start":{"line":36,"column":8},"end":{"line":42,"column":9}},"12":{"start":{"line":37,"column":12},"end":{"line":40,"column":14}},"13":{"start":{"line":41,"column":12},"end":{"line":41,"column":49}},"14":{"start":{"line":46,"column":25},"end":{"line":46,"column":90}},"15":{"start":{"line":47,"column":8},"end":{"line":48,"column":31}},"16":{"start":{"line":48,"column":8},"end":{"line":48,"column":31}},"17":{"start":{"line":49,"column":8},"end":{"line":49,"column":45}}},"fnMap":{"0":{"name":"(anonymous_0)","decl":{"start":{"line":3,"column":4},"end":{"line":3,"column":5}},"loc":{"start":{"line":3,"column":35},"end":{"line":7,"column":5}},"line":3},"1":{"name":"(anonymous_1)","decl":{"start":{"line":9,"column":4},"end":{"line":9,"column":5}},"loc":{"start":{"line":9,"column":34},"end":{"line":17,"column":5}},"line":9},"2":{"name":"(anonymous_2)","decl":{"start":{"line":19,"column":4},"end":{"line":19,"column":5}},"loc":{"start":{"line":19,"column":40},"end":{"line":31,"column":5}},"line":19},"3":{"name":"(anonymous_3)","decl":{"start":{"line":25,"column":17},"end":{"line":25,"column":18}},"loc":{"start":{"line":25,"column":28},"end":{"line":28,"column":9}},"line":25},"4":{"name":"(anonymous_4)","decl":{"start":{"line":33,"column":4},"end":{"line":33,"column":5}},"loc":{"start":{"line":33,"column":35},"end":{"line":43,"column":5}},"line":33},"5":{"name":"(anonymous_5)","decl":{"start":{"line":45,"column":4},"end":{"line":45,"column":5}},"loc":{"start":{"line":45,"column":35},"end":{"line":50,"column":5}},"line":45}},"branchMap":{"0":{"loc":{"start":{"line":21,"column":42},"end":{"line":21,"column":83}},"type":"cond-expr","locations":[{"start":{"line":21,"column":59},"end":{"line":21,"column":76}},{"start":{"line":21,"column":79},"end":{"line":21,"column":83}}],"line":21},"1":{"loc":{"start":{"line":24,"column":18},"end":{"line":24,"column":59}},"type":"cond-expr","locations":[{"start":{"line":24,"column":35},"end":{"line":24,"column":52}},{"start":{"line":24,"column":55},"end":{"line":24,"column":59}}],"line":24},"2":{"loc":{"start":{"line":36,"column":8},"end":{"line":42,"column":9}},"type":"if","locations":[{"start":{"line":36,"column":8},"end":{"line":42,"column":9}},{"start":{},"end":{}}],"line":36},"3":{"loc":{"start":{"line":47,"column":8},"end":{"line":48,"column":31}},"type":"if","locations":[{"start":{"line":47,"column":8},"end":{"line":48,"column":31}},{"start":{},"end":{}}],"line":47}},"s":{"0":1,"1":1,"2":0,"3":0,"4":3,"5":3,"6":3,"7":1,"8":1,"9":3,"10":2,"11":2,"12":0,"13":0,"14":0,"15":0,"16":0,"17":0},"f":{"0":1,"1":0,"2":3,"3":1,"4":2,"5":0},"b":{"0":[0,3],"1":[0,3],"2":[0,2],"3":[0,0]},"_coverageSchema":"1a1c01bbd47fc00a2c39e90264f33305004495a9","hash":"ee7df3c015567fb8dfa4c8c8d5d4d61744cb1469"}
,"/Users/Coco/Desktop/Programming/Challenges/lite_stack2/src/controllers/session.js": {"path":"/Users/Coco/Desktop/Programming/Challenges/lite_stack2/src/controllers/session.js","statementMap":{"0":{"start":{"line":3,"column":19},"end":{"line":3,"column":76}},"1":{"start":{"line":5,"column":6},"end":{"line":5,"column":39}}},"fnMap":{"0":{"name":"(anonymous_0)","decl":{"start":{"line":2,"column":4},"end":{"line":2,"column":5}},"loc":{"start":{"line":2,"column":28},"end":{"line":7,"column":11}},"line":2}},"branchMap":{},"s":{"0":0,"1":0},"f":{"0":0},"b":{},"_coverageSchema":"1a1c01bbd47fc00a2c39e90264f33305004495a9","hash":"16555434c1e32835692a75c154055dd33001c0af"}
,"/Users/Coco/Desktop/Programming/Challenges/lite_stack2/src/controllers/user.js": {"path":"/Users/Coco/Desktop/Programming/Challenges/lite_stack2/src/controllers/user.js","statementMap":{"0":{"start":{"line":7,"column":22},"end":{"line":7,"column":58}},"1":{"start":{"line":9,"column":8},"end":{"line":9,"column":42}},"2":{"start":{"line":14,"column":21},"end":{"line":14,"column":78}},"3":{"start":{"line":16,"column":8},"end":{"line":16,"column":41}},"4":{"start":{"line":21,"column":6},"end":{"line":65,"column":9}},"5":{"start":{"line":23,"column":69},"end":{"line":23,"column":83}},"6":{"start":{"line":26,"column":8},"end":{"line":28,"column":9}},"7":{"start":{"line":27,"column":10},"end":{"line":27,"column":55}},"8":{"start":{"line":32,"column":24},"end":{"line":32,"column":72}},"9":{"start":{"line":33,"column":8},"end":{"line":35,"column":9}},"10":{"start":{"line":34,"column":10},"end":{"line":34,"column":75}},"11":{"start":{"line":38,"column":34},"end":{"line":38,"column":65}},"12":{"start":{"line":40,"column":21},"end":{"line":46,"column":10}},"13":{"start":{"line":49,"column":22},"end":{"line":55,"column":11}},"14":{"start":{"line":58,"column":10},"end":{"line":58,"column":28}},"15":{"start":{"line":62,"column":10},"end":{"line":62,"column":36}},"16":{"start":{"line":64,"column":10},"end":{"line":64,"column":26}},"17":{"start":{"line":69,"column":10},"end":{"line":102,"column":7}},"18":{"start":{"line":71,"column":36},"end":{"line":71,"column":50}},"19":{"start":{"line":74,"column":8},"end":{"line":76,"column":9}},"20":{"start":{"line":75,"column":10},"end":{"line":75,"column":55}},"21":{"start":{"line":78,"column":21},"end":{"line":78,"column":69}},"22":{"start":{"line":80,"column":8},"end":{"line":99,"column":9}},"23":{"start":{"line":82,"column":24},"end":{"line":88,"column":11}},"24":{"start":{"line":91,"column":10},"end":{"line":91,"column":28}},"25":{"start":{"line":94,"column":10},"end":{"line":94,"column":36}},"26":{"start":{"line":97,"column":8},"end":{"line":97,"column":51}},"27":{"start":{"line":101,"column":8},"end":{"line":101,"column":26}},"28":{"start":{"line":107,"column":4},"end":{"line":107,"column":38}}},"fnMap":{"0":{"name":"(anonymous_0)","decl":{"start":{"line":6,"column":4},"end":{"line":6,"column":5}},"loc":{"start":{"line":6,"column":31},"end":{"line":11,"column":5}},"line":6},"1":{"name":"(anonymous_1)","decl":{"start":{"line":13,"column":4},"end":{"line":13,"column":5}},"loc":{"start":{"line":13,"column":30},"end":{"line":18,"column":5}},"line":13},"2":{"name":"(anonymous_2)","decl":{"start":{"line":20,"column":4},"end":{"line":20,"column":5}},"loc":{"start":{"line":20,"column":34},"end":{"line":66,"column":7}},"line":20},"3":{"name":"(anonymous_3)","decl":{"start":{"line":68,"column":4},"end":{"line":68,"column":5}},"loc":{"start":{"line":68,"column":31},"end":{"line":104,"column":7}},"line":68},"4":{"name":"(anonymous_4)","decl":{"start":{"line":106,"column":2},"end":{"line":106,"column":3}},"loc":{"start":{"line":106,"column":30},"end":{"line":109,"column":7}},"line":106}},"branchMap":{"0":{"loc":{"start":{"line":26,"column":8},"end":{"line":28,"column":9}},"type":"if","locations":[{"start":{"line":26,"column":8},"end":{"line":28,"column":9}},{"start":{},"end":{}}],"line":26},"1":{"loc":{"start":{"line":26,"column":14},"end":{"line":26,"column":70}},"type":"binary-expr","locations":[{"start":{"line":26,"column":14},"end":{"line":26,"column":19}},{"start":{"line":26,"column":23},"end":{"line":26,"column":31}},{"start":{"line":26,"column":35},"end":{"line":26,"column":43}},{"start":{"line":26,"column":47},"end":{"line":26,"column":57}},{"start":{"line":26,"column":61},"end":{"line":26,"column":70}}],"line":26},"2":{"loc":{"start":{"line":33,"column":8},"end":{"line":35,"column":9}},"type":"if","locations":[{"start":{"line":33,"column":8},"end":{"line":35,"column":9}},{"start":{},"end":{}}],"line":33},"3":{"loc":{"start":{"line":74,"column":8},"end":{"line":76,"column":9}},"type":"if","locations":[{"start":{"line":74,"column":8},"end":{"line":76,"column":9}},{"start":{},"end":{}}],"line":74},"4":{"loc":{"start":{"line":74,"column":14},"end":{"line":74,"column":31}},"type":"binary-expr","locations":[{"start":{"line":74,"column":14},"end":{"line":74,"column":19}},{"start":{"line":74,"column":23},"end":{"line":74,"column":31}}],"line":74},"5":{"loc":{"start":{"line":80,"column":8},"end":{"line":99,"column":9}},"type":"if","locations":[{"start":{"line":80,"column":8},"end":{"line":99,"column":9}},{"start":{"line":95,"column":14},"end":{"line":99,"column":9}}],"line":80},"6":{"loc":{"start":{"line":80,"column":12},"end":{"line":80,"column":67}},"type":"binary-expr","locations":[{"start":{"line":80,"column":12},"end":{"line":80,"column":16}},{"start":{"line":80,"column":21},"end":{"line":80,"column":66}}],"line":80}},"s":{"0":0,"1":0,"2":0,"3":0,"4":0,"5":0,"6":0,"7":0,"8":0,"9":0,"10":0,"11":0,"12":0,"13":0,"14":0,"15":0,"16":0,"17":0,"18":0,"19":0,"20":0,"21":0,"22":0,"23":0,"24":0,"25":0,"26":0,"27":0,"28":0},"f":{"0":0,"1":0,"2":0,"3":0,"4":0},"b":{"0":[0,0],"1":[0,0,0,0,0],"2":[0,0],"3":[0,0],"4":[0,0],"5":[0,0],"6":[0,0]},"_coverageSchema":"1a1c01bbd47fc00a2c39e90264f33305004495a9","hash":"006788e3c9a37596d1e57443aedc11f2e962297e"}
,"/Users/Coco/Desktop/Programming/Challenges/lite_stack2/src/middleware/authMiddleware.js": {"path":"/Users/Coco/Desktop/Programming/Challenges/lite_stack2/src/middleware/authMiddleware.js","statementMap":{"0":{"start":{"line":4,"column":15},"end":{"line":4,"column":18}},"1":{"start":{"line":6,"column":20},"end":{"line":20,"column":5}},"2":{"start":{"line":8,"column":4},"end":{"line":8,"column":70}},"3":{"start":{"line":10,"column":4},"end":{"line":12,"column":7}},"4":{"start":{"line":11,"column":8},"end":{"line":11,"column":77}},"5":{"start":{"line":13,"column":6},"end":{"line":18,"column":7}},"6":{"start":{"line":14,"column":24},"end":{"line":14,"column":60}},"7":{"start":{"line":15,"column":8},"end":{"line":15,"column":26}},"8":{"start":{"line":17,"column":8},"end":{"line":17,"column":52}},"9":{"start":{"line":19,"column":6},"end":{"line":19,"column":19}}},"fnMap":{"0":{"name":"(anonymous_0)","decl":{"start":{"line":6,"column":20},"end":{"line":6,"column":21}},"loc":{"start":{"line":6,"column":40},"end":{"line":20,"column":5}},"line":6}},"branchMap":{"0":{"loc":{"start":{"line":8,"column":4},"end":{"line":8,"column":70}},"type":"binary-expr","locations":[{"start":{"line":8,"column":4},"end":{"line":8,"column":18}},{"start":{"line":8,"column":22},"end":{"line":8,"column":37}},{"start":{"line":8,"column":41},"end":{"line":8,"column":70}}],"line":8},"1":{"loc":{"start":{"line":10,"column":4},"end":{"line":12,"column":7}},"type":"if","locations":[{"start":{"line":10,"column":4},"end":{"line":12,"column":7}},{"start":{},"end":{}}],"line":10}},"s":{"0":1,"1":1,"2":0,"3":0,"4":0,"5":0,"6":0,"7":0,"8":0,"9":0},"f":{"0":0},"b":{"0":[0,0,0],"1":[0,0]},"_coverageSchema":"1a1c01bbd47fc00a2c39e90264f33305004495a9","hash":"4db6cc3ca5fecc1094229a9a3a6471fa386dc5b7"}
,"/Users/Coco/Desktop/Programming/Challenges/lite_stack2/src/middleware/errorHandler.js": {"path":"/Users/Coco/Desktop/Programming/Challenges/lite_stack2/src/middleware/errorHandler.js","statementMap":{"0":{"start":{"line":3,"column":22},"end":{"line":5,"column":3}},"1":{"start":{"line":4,"column":4},"end":{"line":4,"column":61}}},"fnMap":{"0":{"name":"(anonymous_0)","decl":{"start":{"line":3,"column":22},"end":{"line":3,"column":23}},"loc":{"start":{"line":3,"column":49},"end":{"line":5,"column":3}},"line":3}},"branchMap":{},"s":{"0":1,"1":1},"f":{"0":1},"b":{},"_coverageSchema":"1a1c01bbd47fc00a2c39e90264f33305004495a9","hash":"6fc2cb0b13be0ae93909f62853b9fedad677852f"}
,"/Users/Coco/Desktop/Programming/Challenges/lite_stack2/src/models/answer.js": {"path":"/Users/Coco/Desktop/Programming/Challenges/lite_stack2/src/models/answer.js","statementMap":{"0":{"start":{"line":4,"column":15},"end":{"line":4,"column":30}},"1":{"start":{"line":6,"column":21},"end":{"line":32,"column":1}},"2":{"start":{"line":34,"column":15},"end":{"line":34,"column":53}}},"fnMap":{},"branchMap":{},"s":{"0":1,"1":1,"2":1},"f":{},"b":{},"_coverageSchema":"1a1c01bbd47fc00a2c39e90264f33305004495a9","hash":"9d03f1cda66f580ef500a16281f9dbb0dbf8e589"}
,"/Users/Coco/Desktop/Programming/Challenges/lite_stack2/src/models/index.js": {"path":"/Users/Coco/Desktop/Programming/Challenges/lite_stack2/src/models/index.js","statementMap":{"0":{"start":{"line":8,"column":18},"end":{"line":10,"column":1}},"1":{"start":{"line":9,"column":2},"end":{"line":9,"column":41}},"2":{"start":{"line":11,"column":0},"end":{"line":11,"column":33}},"3":{"start":{"line":14,"column":15},"end":{"line":14,"column":41}}},"fnMap":{"0":{"name":"(anonymous_0)","decl":{"start":{"line":8,"column":18},"end":{"line":8,"column":19}},"loc":{"start":{"line":8,"column":24},"end":{"line":10,"column":1}},"line":8}},"branchMap":{},"s":{"0":1,"1":0,"2":1,"3":1},"f":{"0":0},"b":{},"_coverageSchema":"1a1c01bbd47fc00a2c39e90264f33305004495a9","hash":"9c06d3b47efe17f804802b6bfb01b97b858f8cb0"}
,"/Users/Coco/Desktop/Programming/Challenges/lite_stack2/src/models/question.js": {"path":"/Users/Coco/Desktop/Programming/Challenges/lite_stack2/src/models/question.js","statementMap":{"0":{"start":{"line":3,"column":23},"end":{"line":21,"column":1}},"1":{"start":{"line":23,"column":0},"end":{"line":26,"column":1}},"2":{"start":{"line":24,"column":2},"end":{"line":24,"column":29}},"3":{"start":{"line":25,"column":2},"end":{"line":25,"column":20}},"4":{"start":{"line":28,"column":0},"end":{"line":31,"column":2}},"5":{"start":{"line":29,"column":2},"end":{"line":29,"column":71}},"6":{"start":{"line":30,"column":2},"end":{"line":30,"column":9}},"7":{"start":{"line":33,"column":17},"end":{"line":33,"column":59}}},"fnMap":{"0":{"name":"(anonymous_0)","decl":{"start":{"line":23,"column":35},"end":{"line":23,"column":36}},"loc":{"start":{"line":23,"column":55},"end":{"line":26,"column":1}},"line":23},"1":{"name":"(anonymous_1)","decl":{"start":{"line":28,"column":29},"end":{"line":28,"column":30}},"loc":{"start":{"line":28,"column":51},"end":{"line":31,"column":1}},"line":28}},"branchMap":{},"s":{"0":1,"1":1,"2":0,"3":0,"4":1,"5":0,"6":0,"7":1},"f":{"0":0,"1":0},"b":{},"_coverageSchema":"1a1c01bbd47fc00a2c39e90264f33305004495a9","hash":"4da32f4b5995b329a86d9035e218dbb9e7674275"}
,"/Users/Coco/Desktop/Programming/Challenges/lite_stack2/src/models/user.js": {"path":"/Users/Coco/Desktop/Programming/Challenges/lite_stack2/src/models/user.js","statementMap":{"0":{"start":{"line":2,"column":15},"end":{"line":2,"column":30}},"1":{"start":{"line":3,"column":19},"end":{"line":36,"column":1}},"2":{"start":{"line":39,"column":0},"end":{"line":49,"column":3}},"3":{"start":{"line":40,"column":15},"end":{"line":42,"column":6}},"4":{"start":{"line":44,"column":4},"end":{"line":46,"column":5}},"5":{"start":{"line":45,"column":6},"end":{"line":45,"column":50}},"6":{"start":{"line":48,"column":4},"end":{"line":48,"column":15}},"7":{"start":{"line":51,"column":2},"end":{"line":53,"column":4}},"8":{"start":{"line":52,"column":4},"end":{"line":52,"column":74}},"9":{"start":{"line":55,"column":13},"end":{"line":55,"column":47}}},"fnMap":{"0":{"name":"(anonymous_0)","decl":{"start":{"line":39,"column":33},"end":{"line":39,"column":34}},"loc":{"start":{"line":39,"column":56},"end":{"line":49,"column":3}},"line":39},"1":{"name":"(anonymous_1)","decl":{"start":{"line":51,"column":27},"end":{"line":51,"column":28}},"loc":{"start":{"line":51,"column":42},"end":{"line":53,"column":3}},"line":51}},"branchMap":{"0":{"loc":{"start":{"line":44,"column":4},"end":{"line":46,"column":5}},"type":"if","locations":[{"start":{"line":44,"column":4},"end":{"line":46,"column":5}},{"start":{},"end":{}}],"line":44}},"s":{"0":1,"1":1,"2":1,"3":6,"4":6,"5":6,"6":6,"7":1,"8":0,"9":1},"f":{"0":6,"1":0},"b":{"0":[6,0]},"_coverageSchema":"1a1c01bbd47fc00a2c39e90264f33305004495a9","hash":"9baf46ff204a57f4232fd13d73dbe8f615fe5896"}
,"/Users/Coco/Desktop/Programming/Challenges/lite_stack2/src/routes/QnA.js": {"path":"/Users/Coco/Desktop/Programming/Challenges/lite_stack2/src/routes/QnA.js","statementMap":{"0":{"start":{"line":5,"column":15},"end":{"line":5,"column":23}},"1":{"start":{"line":7,"column":12},"end":{"line":7,"column":21}},"2":{"start":{"line":9,"column":0},"end":{"line":9,"column":29}},"3":{"start":{"line":11,"column":0},"end":{"line":11,"column":34}}},"fnMap":{},"branchMap":{},"s":{"0":1,"1":1,"2":1,"3":1},"f":{},"b":{},"_coverageSchema":"1a1c01bbd47fc00a2c39e90264f33305004495a9","hash":"c48282536cc44964865ea1fc27a01fd3aed8866c"}
,"/Users/Coco/Desktop/Programming/Challenges/lite_stack2/src/routes/answer.js": {"path":"/Users/Coco/Desktop/Programming/Challenges/lite_stack2/src/routes/answer.js","statementMap":{"0":{"start":{"line":4,"column":15},"end":{"line":4,"column":23}},"1":{"start":{"line":6,"column":15},"end":{"line":6,"column":27}},"2":{"start":{"line":8,"column":0},"end":{"line":8,"column":36}},"3":{"start":{"line":10,"column":0},"end":{"line":10,"column":44}},"4":{"start":{"line":12,"column":0},"end":{"line":12,"column":37}},"5":{"start":{"line":14,"column":0},"end":{"line":14,"column":45}},"6":{"start":{"line":16,"column":0},"end":{"line":16,"column":48}}},"fnMap":{},"branchMap":{},"s":{"0":1,"1":1,"2":1,"3":1,"4":1,"5":1,"6":1},"f":{},"b":{},"_coverageSchema":"1a1c01bbd47fc00a2c39e90264f33305004495a9","hash":"daf81c1091f22a3066e4ee55caf0f6b245117596"}
,"/Users/Coco/Desktop/Programming/Challenges/lite_stack2/src/routes/index.js": {"path":"/Users/Coco/Desktop/Programming/Challenges/lite_stack2/src/routes/index.js","statementMap":{},"fnMap":{},"branchMap":{},"s":{},"f":{},"b":{},"_coverageSchema":"1a1c01bbd47fc00a2c39e90264f33305004495a9","hash":"d06036f282f08db4df8baed07ba88f34a001e0ba"}
,"/Users/Coco/Desktop/Programming/Challenges/lite_stack2/src/routes/question.js": {"path":"/Users/Coco/Desktop/Programming/Challenges/lite_stack2/src/routes/question.js","statementMap":{"0":{"start":{"line":4,"column":15},"end":{"line":4,"column":23}},"1":{"start":{"line":6,"column":17},"end":{"line":6,"column":31}},"2":{"start":{"line":8,"column":0},"end":{"line":8,"column":40}},"3":{"start":{"line":10,"column":0},"end":{"line":10,"column":50}},"4":{"start":{"line":12,"column":0},"end":{"line":12,"column":40}},"5":{"start":{"line":15,"column":0},"end":{"line":15,"column":41}},"6":{"start":{"line":17,"column":0},"end":{"line":17,"column":51}},"7":{"start":{"line":19,"column":0},"end":{"line":19,"column":54}}},"fnMap":{},"branchMap":{},"s":{"0":1,"1":1,"2":1,"3":1,"4":1,"5":1,"6":1,"7":1},"f":{},"b":{},"_coverageSchema":"1a1c01bbd47fc00a2c39e90264f33305004495a9","hash":"66b41ab73d89d257c9760bc79bcf646b43efb786"}
,"/Users/Coco/Desktop/Programming/Challenges/lite_stack2/src/routes/session.js": {"path":"/Users/Coco/Desktop/Programming/Challenges/lite_stack2/src/routes/session.js","statementMap":{"0":{"start":{"line":5,"column":15},"end":{"line":5,"column":23}},"1":{"start":{"line":7,"column":16},"end":{"line":7,"column":29}},"2":{"start":{"line":9,"column":0},"end":{"line":9,"column":32}}},"fnMap":{},"branchMap":{},"s":{"0":1,"1":1,"2":1},"f":{},"b":{},"_coverageSchema":"1a1c01bbd47fc00a2c39e90264f33305004495a9","hash":"b983528394bf4951ee48f9940958e1349b257678"}
,"/Users/Coco/Desktop/Programming/Challenges/lite_stack2/src/routes/user.js": {"path":"/Users/Coco/Desktop/Programming/Challenges/lite_stack2/src/routes/user.js","statementMap":{"0":{"start":{"line":5,"column":15},"end":{"line":5,"column":23}},"1":{"start":{"line":7,"column":13},"end":{"line":7,"column":23}},"2":{"start":{"line":9,"column":0},"end":{"line":9,"column":32}},"3":{"start":{"line":11,"column":0},"end":{"line":11,"column":38}},"4":{"start":{"line":13,"column":0},"end":{"line":13,"column":35}},"5":{"start":{"line":15,"column":0},"end":{"line":15,"column":37}},"6":{"start":{"line":17,"column":0},"end":{"line":17,"column":54}}},"fnMap":{},"branchMap":{},"s":{"0":1,"1":1,"2":1,"3":1,"4":1,"5":1,"6":1},"f":{},"b":{},"_coverageSchema":"1a1c01bbd47fc00a2c39e90264f33305004495a9","hash":"16d53ce2095e4868d113d475eff159131dbb908b"}
}
